-------------------------------------------------------------------------------
Test set: com.codinglife.MybatisplusApplicationTests
-------------------------------------------------------------------------------
Tests run: 3, Failures: 1, Errors: 0, Skipped: 0, Time elapsed: 3.685 s <<< FAILURE! - in com.codinglife.MybatisplusApplicationTests
testSelect  Time elapsed: 0.044 s  <<< FAILURE!
org.opentest4j.AssertionFailedError: expected: <5> but was: <6>
	at com.codinglife.MybatisplusApplicationTests.testSelect(MybatisplusApplicationTests.java:28)

