<?xml version="1.0" encoding="UTF-8"?>
<testsuite xmlns:xsi="http://www.w3.org/2001/XMLSchema-instance" xsi:noNamespaceSchemaLocation="https://maven.apache.org/surefire/maven-surefire-plugin/xsd/surefire-test-report.xsd" name="com.codinglife.MybatisplusApplicationTests" time="3.685" tests="3" errors="0" skipped="0" failures="1">
  <properties>
[...]
</properties>
  <testcase name="contextLoads" classname="com.codinglife.MybatisplusApplicationTests" time="0.213"/>
  <testcase name="testInsert" classname="com.codinglife.MybatisplusApplicationTests" time="0.928"/>
  <testcase name="testSelect" classname="com.codinglife.MybatisplusApplicationTests" time="0.044">
    <failure message="expected: &lt;5&gt; but was: &lt;6&gt;" type="org.opentest4j.AssertionFailedError"><![CDATA[org.opentest4j.AssertionFailedError: expected: <5> but was: <6>
	at com.codinglife.MybatisplusApplicationTests.testSelect(MybatisplusApplicationTests.java:28)
]]></failure>
    <system-out><![CDATA[----- selectAll method test ------
Creating a new SqlSession
SqlSession [org.apache.ibatis.session.defaults.DefaultSqlSession@78e17a99] was not registered for synchronization because synchronization is not active
JDBC Connection [HikariProxyConnection@131582664 wrapping com.mysql.cj.jdbc.ConnectionImpl@48976e6d] will not be managed by Spring
==>  Preparing: SELECT id,name,age,email FROM user
==> Parameters: 
<==    Columns: id, name, age, email
<==        Row: 1, Jone, 18, test1@baomidou.com
<==        Row: 2, Jack, 20, test2@baomidou.com
<==        Row: 3, Tom, 28, test3@baomidou.com
<==        Row: 4, Sandy, 21, test4@baomidou.com
<==        Row: 5, Billie, 24, test5@baomidou.com
<==        Row: 1496685536528621569, CodingLife, 18, wyj_program@163.com
<==      Total: 6
Closing non transactional SqlSession [org.apache.ibatis.session.defaults.DefaultSqlSession@78e17a99]
]]></system-out>
  </testcase>
</testsuite>